# JRE version: Java(TM) SE Runtime Environment (20.0.2+9) (build 20.0.2+9-78)
# Java VM: Java HotSpot(TM) 64-Bit Server VM (20.0.2+9-78, mixed mode, sharing, tiered, compressed oops, compressed class ptrs, g1 gc, windows-amd64)
GC Precious Log:
 CardTable entry size: 512
 Card Set container configuration: InlinePtr #cards 5 size 8 Array Of Cards #cards 12 size 40 Howl #buckets 4 coarsen threshold 1843 Howl Bitmap #cards 512 size 80 coarsen threshold 460 Card regions per heap region 1 cards per card region 2048
 CPUs: 8 total, 8 available
 Memory: 8029M
 Large Page Support: Disabled
 NUMA Support: Disabled
 Compressed Oops: Enabled (32-bit)
 Heap Region Size: 1M
 Heap Min Capacity: 8M
 Heap Initial Capacity: 126M
 Heap Max Capacity: 2008M
 Pre-touch: Disabled
 Parallel Workers: 8
 Concurrent Workers: 2
 Concurrent Refinement Workers: 8
 Periodic GC: Disabled
Heap:
 garbage-first heap   total 71680K, used 23126K [0x0000000082800000, 0x0000000100000000)
  region size 1024K, 7 young (7168K), 2 survivors (2048K)
 Metaspace       used 26131K, committed 26432K, reserved 1114112K
  class space    used 2778K, committed 2880K, reserved 1048576K
GC Heap History (20 events):
Event: 48.498 GC heap before
{Heap before GC invocations=5 (full 0):
 garbage-first heap   total 71680K, used 58314K [0x0000000082800000, 0x0000000100000000)
  region size 1024K, 41 young (41984K), 2 survivors (2048K)
 Metaspace       used 25626K, committed 25920K, reserved 1114112K
  class space    used 2752K, committed 2880K, reserved 1048576K
}
Event: 48.502 GC heap after
{Heap after GC invocations=6 (full 0):
 garbage-first heap   total 71680K, used 19206K [0x0000000082800000, 0x0000000100000000)
  region size 1024K, 2 young (2048K), 2 survivors (2048K)
 Metaspace       used 25626K, committed 25920K, reserved 1114112K
  class space    used 2752K, committed 2880K, reserved 1048576K
}
Event: 52.434 GC heap before
{Heap before GC invocations=6 (full 0):
 garbage-first heap   total 71680K, used 59142K [0x0000000082800000, 0x0000000100000000)
  region size 1024K, 42 young (43008K), 2 survivors (2048K)
 Metaspace       used 25669K, committed 25920K, reserved 1114112K
  class space    used 2753K, committed 2880K, reserved 1048576K
}
Event: 52.436 GC heap after
{Heap after GC invocations=7 (full 0):
 garbage-first heap   total 71680K, used 19192K [0x0000000082800000, 0x0000000100000000)
  region size 1024K, 2 young (2048K), 2 survivors (2048K)
 Metaspace       used 25669K, committed 25920K, reserved 1114112K
  class space    used 2753K, committed 2880K, reserved 1048576K
}
Event: 56.481 GC heap before
{Heap before GC invocations=7 (full 0):
 garbage-first heap   total 71680K, used 59128K [0x0000000082800000, 0x0000000100000000)
  region size 1024K, 42 young (43008K), 2 survivors (2048K)
 Metaspace       used 25725K, committed 25984K, reserved 1114112K
  class space    used 2753K, committed 2880K, reserved 1048576K
}
Event: 56.483 GC heap after
{Heap after GC invocations=8 (full 0):
 garbage-first heap   total 71680K, used 19253K [0x0000000082800000, 0x0000000100000000)
  region size 1024K, 2 young (2048K), 2 survivors (2048K)
 Metaspace       used 25725K, committed 25984K, reserved 1114112K
  class space    used 2753K, committed 2880K, reserved 1048576K
}
Event: 60.485 GC heap before
{Heap before GC invocations=8 (full 0):
 garbage-first heap   total 71680K, used 59189K [0x0000000082800000, 0x0000000100000000)
  region size 1024K, 42 young (43008K), 2 survivors (2048K)
 Metaspace       used 25769K, committed 26048K, reserved 1114112K
  class space    used 2753K, committed 2880K, reserved 1048576K
}
Event: 60.490 GC heap after
{Heap after GC invocations=9 (full 0):
 garbage-first heap   total 71680K, used 19232K [0x0000000082800000, 0x0000000100000000)
  region size 1024K, 2 young (2048K), 2 survivors (2048K)
 Metaspace       used 25769K, committed 26048K, reserved 1114112K
  class space    used 2753K, committed 2880K, reserved 1048576K
}
Event: 65.877 GC heap before
{Heap before GC invocations=9 (full 0):
 garbage-first heap   total 71680K, used 59168K [0x0000000082800000, 0x0000000100000000)
  region size 1024K, 42 young (43008K), 2 survivors (2048K)
 Metaspace       used 25842K, committed 26112K, reserved 1114112K
  class space    used 2753K, committed 2880K, reserved 1048576K
}
Event: 65.882 GC heap after
{Heap after GC invocations=10 (full 0):
 garbage-first heap   total 71680K, used 19145K [0x0000000082800000, 0x0000000100000000)
  region size 1024K, 2 young (2048K), 2 survivors (2048K)
 Metaspace       used 25842K, committed 26112K, reserved 1114112K
  class space    used 2753K, committed 2880K, reserved 1048576K
}
Event: 71.777 GC heap before
{Heap before GC invocations=10 (full 0):
 garbage-first heap   total 71680K, used 59081K [0x0000000082800000, 0x0000000100000000)
  region size 1024K, 42 young (43008K), 2 survivors (2048K)
 Metaspace       used 25913K, committed 26176K, reserved 1114112K
  class space    used 2760K, committed 2880K, reserved 1048576K
}
Event: 71.780 GC heap after
{Heap after GC invocations=11 (full 0):
 garbage-first heap   total 71680K, used 19283K [0x0000000082800000, 0x0000000100000000)
  region size 1024K, 2 young (2048K), 2 survivors (2048K)
 Metaspace       used 25913K, committed 26176K, reserved 1114112K
  class space    used 2760K, committed 2880K, reserved 1048576K
}
Event: 77.170 GC heap before
{Heap before GC invocations=11 (full 0):
 garbage-first heap   total 71680K, used 59219K [0x0000000082800000, 0x0000000100000000)
  region size 1024K, 42 young (43008K), 2 survivors (2048K)
 Metaspace       used 25933K, committed 26240K, reserved 1114112K
  class space    used 2760K, committed 2880K, reserved 1048576K
}
Event: 77.174 GC heap after
{Heap after GC invocations=12 (full 0):
 garbage-first heap   total 71680K, used 19213K [0x0000000082800000, 0x0000000100000000)
  region size 1024K, 2 young (2048K), 2 survivors (2048K)
 Metaspace       used 25933K, committed 26240K, reserved 1114112K
  class space    used 2760K, committed 2880K, reserved 1048576K
}
Event: 81.234 GC heap before
{Heap before GC invocations=12 (full 0):
 garbage-first heap   total 71680K, used 59149K [0x0000000082800000, 0x0000000100000000)
  region size 1024K, 42 young (43008K), 2 survivors (2048K)
 Metaspace       used 25940K, committed 26240K, reserved 1114112K
  class space    used 2760K, committed 2880K, reserved 1048576K
}
Event: 81.236 GC heap after
{Heap after GC invocations=13 (full 0):
 garbage-first heap   total 71680K, used 19232K [0x0000000082800000, 0x0000000100000000)
  region size 1024K, 2 young (2048K), 2 survivors (2048K)
 Metaspace       used 25940K, committed 26240K, reserved 1114112K
  class space    used 2760K, committed 2880K, reserved 1048576K
}
Event: 141.980 GC heap before
{Heap before GC invocations=13 (full 0):
 garbage-first heap   total 71680K, used 59168K [0x0000000082800000, 0x0000000100000000)
  region size 1024K, 42 young (43008K), 2 survivors (2048K)
 Metaspace       used 26077K, committed 26304K, reserved 1114112K
  class space    used 2778K, committed 2880K, reserved 1048576K
}
Event: 141.985 GC heap after
{Heap after GC invocations=14 (full 0):
 garbage-first heap   total 71680K, used 19236K [0x0000000082800000, 0x0000000100000000)
  region size 1024K, 2 young (2048K), 2 survivors (2048K)
 Metaspace       used 26077K, committed 26304K, reserved 1114112K
  class space    used 2778K, committed 2880K, reserved 1048576K
}
Event: 283.741 GC heap before
{Heap before GC invocations=14 (full 0):
 garbage-first heap   total 71680K, used 60196K [0x0000000082800000, 0x0000000100000000)
  region size 1024K, 42 young (43008K), 2 survivors (2048K)
 Metaspace       used 26123K, committed 26432K, reserved 1114112K
  class space    used 2778K, committed 2880K, reserved 1048576K
}
Event: 283.743 GC heap after
{Heap after GC invocations=15 (full 0):
 garbage-first heap   total 71680K, used 19030K [0x0000000082800000, 0x0000000100000000)
  region size 1024K, 2 young (2048K), 2 survivors (2048K)
 Metaspace       used 26123K, committed 26432K, reserved 1114112K
  class space    used 2778K, committed 2880K, reserved 1048576K
}

